Solid Edge Translation to STL
Date: Saturday,September 05,2020 03:30PM
Source File:\\FREENAS\iain\00 Projects\desk_control_pannel\front_pennel.par
Source System: SOLID EDGE

Hardware:
Processor: Intel(R) Core(TM) i7-6700K CPU @ 4.00GHz
Operating System: Windows 10
Installed Memory: 31.95 GB

Software Information:
Parasolid Version: 31.1.255
PSBodyshop Version: 31.1.110
Solid Edge Version: 220.00.00.104 x64

STL Export Options:
Output File Format:BINARY
Export Displayed Parts:Off
structureOption: Monolithic
Export Units:Millimeter
Export Tolerance Value:0.074000
Export Tolerance Type:Custom
Export Surface Plane Angle Value:0.270526

Translation progress:
Phase 1 of 2 Fetching Parasolid information...
Phase 2 of 2 Translating Parasolid to foreign data types...
Number of STL file Created : 1
Translation process completed
Time required to translate:00 : 00 : 00
